[0.043s] Invoking command in '/home/gabi/Desktop/Handjob_ws/build/dynamixel_sdk_examples': AMENT_PREFIX_PATH=/home/gabi/Desktop/Handjob_ws/install/dynamixel_sdk_custom_interfaces:/home/gabi/Desktop/Handjob_ws/install/dynamixel_sdk:${AMENT_PREFIX_PATH} CMAKE_PREFIX_PATH=/home/gabi/Desktop/Handjob_ws/install/dynamixel_sdk_custom_interfaces:/home/gabi/Desktop/Handjob_ws/install/dynamixel_sdk:/home/gabi/Desktop/ros2_ws/install/annin_ar4_moveit_config:/home/gabi/Desktop/ros2_ws/install/annin_ar4_gazebo:/home/gabi/Desktop/ros2_ws/install/annin_ar4_driver:/home/gabi/Desktop/ros2_ws/install/annin_ar4_description:/opt/ros/jazzy/opt/gz_sim_vendor:/opt/ros/jazzy/opt/gz_sensors_vendor:/opt/ros/jazzy/opt/gz_physics_vendor:/opt/ros/jazzy/opt/sdformat_vendor:/opt/ros/jazzy/opt/gz_gui_vendor:/opt/ros/jazzy/opt/gz_transport_vendor:/opt/ros/jazzy/opt/gz_rendering_vendor:/opt/ros/jazzy/opt/gz_plugin_vendor:/opt/ros/jazzy/opt/gz_fuel_tools_vendor:/opt/ros/jazzy/opt/gz_msgs_vendor:/opt/ros/jazzy/opt/gz_common_vendor:/opt/ros/jazzy/opt/gz_math_vendor:/opt/ros/jazzy/opt/gz_utils_vendor:/opt/ros/jazzy/opt/gz_tools_vendor:/opt/ros/jazzy/opt/gz_ogre_next_vendor:/opt/ros/jazzy/opt/gz_dartsim_vendor:/opt/ros/jazzy/opt/gz_cmake_vendor:/opt/ros/jazzy DEBUGINFOD_URLS=https://debuginfod.ubuntu.com LD_LIBRARY_PATH=/home/gabi/Desktop/Handjob_ws/install/dynamixel_sdk_custom_interfaces/lib:/home/gabi/Desktop/Handjob_ws/install/dynamixel_sdk/lib:${LD_LIBRARY_PATH} PYTHONPATH=/home/gabi/Desktop/Handjob_ws/install/dynamixel_sdk_custom_interfaces/lib/python3.12/site-packages:/home/gabi/Desktop/Handjob_ws/install/dynamixel_sdk/lib/python3.12/site-packages:${PYTHONPATH} /usr/bin/cmake /home/gabi/Desktop/Handjob_ws/src/DynamixelSDK/ros/dynamixel_sdk_examples -DCMAKE_INSTALL_PREFIX=/home/gabi/Desktop/Handjob_ws/install/dynamixel_sdk_examples
[0.238s] -- The C compiler identification is GNU 13.3.0
[0.358s] -- The CXX compiler identification is GNU 13.3.0
[0.401s] -- Detecting C compiler ABI info
[0.638s] -- Detecting C compiler ABI info - done
[0.662s] -- Check for working C compiler: /usr/bin/cc - skipped
[0.663s] -- Detecting C compile features
[0.665s] -- Detecting C compile features - done
[0.687s] -- Detecting CXX compiler ABI info
[0.973s] -- Detecting CXX compiler ABI info - done
[0.997s] -- Check for working CXX compiler: /usr/bin/c++ - skipped
[0.998s] -- Detecting CXX compile features
[0.999s] -- Detecting CXX compile features - done
[1.005s] -- Found ament_cmake: 2.5.3 (/opt/ros/jazzy/share/ament_cmake/cmake)
[1.392s] -- Found Python3: /usr/bin/python3 (found version "3.12.3") found components: Interpreter 
[1.681s] -- Found dynamixel_sdk: 3.8.4 (/home/gabi/Desktop/Handjob_ws/install/dynamixel_sdk/share/dynamixel_sdk/cmake)
[1.684s] -- Found dynamixel_sdk_custom_interfaces: 3.8.4 (/home/gabi/Desktop/Handjob_ws/install/dynamixel_sdk_custom_interfaces/share/dynamixel_sdk_custom_interfaces/cmake)
[1.805s] -- Found rosidl_generator_c: 4.6.5 (/opt/ros/jazzy/share/rosidl_generator_c/cmake)
[1.852s] -- Found rosidl_generator_cpp: 4.6.5 (/opt/ros/jazzy/share/rosidl_generator_cpp/cmake)
[1.892s] -- Using all available rosidl_typesupport_c: rosidl_typesupport_fastrtps_c;rosidl_typesupport_introspection_c
[1.953s] -- Using all available rosidl_typesupport_cpp: rosidl_typesupport_fastrtps_cpp;rosidl_typesupport_introspection_cpp
[2.093s] -- Found rclcpp: 28.1.6 (/opt/ros/jazzy/share/rclcpp/cmake)
[2.225s] -- Found rmw_implementation_cmake: 7.3.1 (/opt/ros/jazzy/share/rmw_implementation_cmake/cmake)
[2.232s] -- Found rmw_fastrtps_cpp: 8.4.1 (/opt/ros/jazzy/share/rmw_fastrtps_cpp/cmake)
[2.426s] -- Found OpenSSL: /usr/lib/x86_64-linux-gnu/libcrypto.so (found version "3.0.13")  
[2.467s] -- Found FastRTPS: /opt/ros/jazzy/include (Required is at least version "2.13") 
[2.520s] -- Using RMW implementation 'rmw_fastrtps_cpp' as default
[2.695s] -- Found rclpy: 7.1.3 (/opt/ros/jazzy/share/rclpy/cmake)
[2.699s] -- Found ament_lint_auto: 0.17.1 (/opt/ros/jazzy/share/ament_lint_auto/cmake)
[2.961s] -- Added test 'copyright' to check source files copyright and LICENSE
[2.962s] -- Added test 'cppcheck' to perform static code analysis on C / C++ code
[2.962s] -- Configured cppcheck include dirs: /home/gabi/Desktop/Handjob_ws/src/DynamixelSDK/ros/dynamixel_sdk_examples/include
[2.963s] -- Configured cppcheck exclude dirs and/or files: 
[2.964s] -- Added test 'cpplint' to check C / C++ code against the Google style
[2.964s] -- Configured cpplint exclude dirs and/or files: 
[2.965s] -- Added test 'flake8' to check Python code syntax and style conventions
[2.965s] -- Configured 'flake8' exclude dirs and/or files: 
[2.966s] -- Added test 'lint_cmake' to check CMake code style
[2.967s] -- Added test 'pep257' to check Python code against some of the docstring style conventions in PEP 257
[2.975s] -- Added test 'uncrustify' to check C / C++ code style
[2.975s] -- Configured uncrustify additional arguments: 
[2.976s] -- Added test 'xmllint' to check XML markup files
[2.979s] -- Configuring done (2.9s)
[3.001s] -- Generating done (0.0s)
[3.005s] -- Build files have been written to: /home/gabi/Desktop/Handjob_ws/build/dynamixel_sdk_examples
[3.035s] Invoked command in '/home/gabi/Desktop/Handjob_ws/build/dynamixel_sdk_examples' returned '0': AMENT_PREFIX_PATH=/home/gabi/Desktop/Handjob_ws/install/dynamixel_sdk_custom_interfaces:/home/gabi/Desktop/Handjob_ws/install/dynamixel_sdk:${AMENT_PREFIX_PATH} CMAKE_PREFIX_PATH=/home/gabi/Desktop/Handjob_ws/install/dynamixel_sdk_custom_interfaces:/home/gabi/Desktop/Handjob_ws/install/dynamixel_sdk:/home/gabi/Desktop/ros2_ws/install/annin_ar4_moveit_config:/home/gabi/Desktop/ros2_ws/install/annin_ar4_gazebo:/home/gabi/Desktop/ros2_ws/install/annin_ar4_driver:/home/gabi/Desktop/ros2_ws/install/annin_ar4_description:/opt/ros/jazzy/opt/gz_sim_vendor:/opt/ros/jazzy/opt/gz_sensors_vendor:/opt/ros/jazzy/opt/gz_physics_vendor:/opt/ros/jazzy/opt/sdformat_vendor:/opt/ros/jazzy/opt/gz_gui_vendor:/opt/ros/jazzy/opt/gz_transport_vendor:/opt/ros/jazzy/opt/gz_rendering_vendor:/opt/ros/jazzy/opt/gz_plugin_vendor:/opt/ros/jazzy/opt/gz_fuel_tools_vendor:/opt/ros/jazzy/opt/gz_msgs_vendor:/opt/ros/jazzy/opt/gz_common_vendor:/opt/ros/jazzy/opt/gz_math_vendor:/opt/ros/jazzy/opt/gz_utils_vendor:/opt/ros/jazzy/opt/gz_tools_vendor:/opt/ros/jazzy/opt/gz_ogre_next_vendor:/opt/ros/jazzy/opt/gz_dartsim_vendor:/opt/ros/jazzy/opt/gz_cmake_vendor:/opt/ros/jazzy DEBUGINFOD_URLS=https://debuginfod.ubuntu.com LD_LIBRARY_PATH=/home/gabi/Desktop/Handjob_ws/install/dynamixel_sdk_custom_interfaces/lib:/home/gabi/Desktop/Handjob_ws/install/dynamixel_sdk/lib:${LD_LIBRARY_PATH} PYTHONPATH=/home/gabi/Desktop/Handjob_ws/install/dynamixel_sdk_custom_interfaces/lib/python3.12/site-packages:/home/gabi/Desktop/Handjob_ws/install/dynamixel_sdk/lib/python3.12/site-packages:${PYTHONPATH} /usr/bin/cmake /home/gabi/Desktop/Handjob_ws/src/DynamixelSDK/ros/dynamixel_sdk_examples -DCMAKE_INSTALL_PREFIX=/home/gabi/Desktop/Handjob_ws/install/dynamixel_sdk_examples
[3.036s] Invoking command in '/home/gabi/Desktop/Handjob_ws/build/dynamixel_sdk_examples': AMENT_PREFIX_PATH=/home/gabi/Desktop/Handjob_ws/install/dynamixel_sdk_custom_interfaces:/home/gabi/Desktop/Handjob_ws/install/dynamixel_sdk:${AMENT_PREFIX_PATH} CMAKE_PREFIX_PATH=/home/gabi/Desktop/Handjob_ws/install/dynamixel_sdk_custom_interfaces:/home/gabi/Desktop/Handjob_ws/install/dynamixel_sdk:/home/gabi/Desktop/ros2_ws/install/annin_ar4_moveit_config:/home/gabi/Desktop/ros2_ws/install/annin_ar4_gazebo:/home/gabi/Desktop/ros2_ws/install/annin_ar4_driver:/home/gabi/Desktop/ros2_ws/install/annin_ar4_description:/opt/ros/jazzy/opt/gz_sim_vendor:/opt/ros/jazzy/opt/gz_sensors_vendor:/opt/ros/jazzy/opt/gz_physics_vendor:/opt/ros/jazzy/opt/sdformat_vendor:/opt/ros/jazzy/opt/gz_gui_vendor:/opt/ros/jazzy/opt/gz_transport_vendor:/opt/ros/jazzy/opt/gz_rendering_vendor:/opt/ros/jazzy/opt/gz_plugin_vendor:/opt/ros/jazzy/opt/gz_fuel_tools_vendor:/opt/ros/jazzy/opt/gz_msgs_vendor:/opt/ros/jazzy/opt/gz_common_vendor:/opt/ros/jazzy/opt/gz_math_vendor:/opt/ros/jazzy/opt/gz_utils_vendor:/opt/ros/jazzy/opt/gz_tools_vendor:/opt/ros/jazzy/opt/gz_ogre_next_vendor:/opt/ros/jazzy/opt/gz_dartsim_vendor:/opt/ros/jazzy/opt/gz_cmake_vendor:/opt/ros/jazzy DEBUGINFOD_URLS=https://debuginfod.ubuntu.com LD_LIBRARY_PATH=/home/gabi/Desktop/Handjob_ws/install/dynamixel_sdk_custom_interfaces/lib:/home/gabi/Desktop/Handjob_ws/install/dynamixel_sdk/lib:${LD_LIBRARY_PATH} PYTHONPATH=/home/gabi/Desktop/Handjob_ws/install/dynamixel_sdk_custom_interfaces/lib/python3.12/site-packages:/home/gabi/Desktop/Handjob_ws/install/dynamixel_sdk/lib/python3.12/site-packages:${PYTHONPATH} /usr/bin/cmake --build /home/gabi/Desktop/Handjob_ws/build/dynamixel_sdk_examples -- -j8 -l8
[3.156s] [ 50%] [32mBuilding CXX object CMakeFiles/read_write_node.dir/src/read_write_node.cpp.o[0m
[16.533s] [100%] [32m[1mLinking CXX executable read_write_node[0m
[17.169s] [100%] Built target read_write_node
[17.192s] Invoked command in '/home/gabi/Desktop/Handjob_ws/build/dynamixel_sdk_examples' returned '0': AMENT_PREFIX_PATH=/home/gabi/Desktop/Handjob_ws/install/dynamixel_sdk_custom_interfaces:/home/gabi/Desktop/Handjob_ws/install/dynamixel_sdk:${AMENT_PREFIX_PATH} CMAKE_PREFIX_PATH=/home/gabi/Desktop/Handjob_ws/install/dynamixel_sdk_custom_interfaces:/home/gabi/Desktop/Handjob_ws/install/dynamixel_sdk:/home/gabi/Desktop/ros2_ws/install/annin_ar4_moveit_config:/home/gabi/Desktop/ros2_ws/install/annin_ar4_gazebo:/home/gabi/Desktop/ros2_ws/install/annin_ar4_driver:/home/gabi/Desktop/ros2_ws/install/annin_ar4_description:/opt/ros/jazzy/opt/gz_sim_vendor:/opt/ros/jazzy/opt/gz_sensors_vendor:/opt/ros/jazzy/opt/gz_physics_vendor:/opt/ros/jazzy/opt/sdformat_vendor:/opt/ros/jazzy/opt/gz_gui_vendor:/opt/ros/jazzy/opt/gz_transport_vendor:/opt/ros/jazzy/opt/gz_rendering_vendor:/opt/ros/jazzy/opt/gz_plugin_vendor:/opt/ros/jazzy/opt/gz_fuel_tools_vendor:/opt/ros/jazzy/opt/gz_msgs_vendor:/opt/ros/jazzy/opt/gz_common_vendor:/opt/ros/jazzy/opt/gz_math_vendor:/opt/ros/jazzy/opt/gz_utils_vendor:/opt/ros/jazzy/opt/gz_tools_vendor:/opt/ros/jazzy/opt/gz_ogre_next_vendor:/opt/ros/jazzy/opt/gz_dartsim_vendor:/opt/ros/jazzy/opt/gz_cmake_vendor:/opt/ros/jazzy DEBUGINFOD_URLS=https://debuginfod.ubuntu.com LD_LIBRARY_PATH=/home/gabi/Desktop/Handjob_ws/install/dynamixel_sdk_custom_interfaces/lib:/home/gabi/Desktop/Handjob_ws/install/dynamixel_sdk/lib:${LD_LIBRARY_PATH} PYTHONPATH=/home/gabi/Desktop/Handjob_ws/install/dynamixel_sdk_custom_interfaces/lib/python3.12/site-packages:/home/gabi/Desktop/Handjob_ws/install/dynamixel_sdk/lib/python3.12/site-packages:${PYTHONPATH} /usr/bin/cmake --build /home/gabi/Desktop/Handjob_ws/build/dynamixel_sdk_examples -- -j8 -l8
[17.193s] Invoking command in '/home/gabi/Desktop/Handjob_ws/build/dynamixel_sdk_examples': AMENT_PREFIX_PATH=/home/gabi/Desktop/Handjob_ws/install/dynamixel_sdk_custom_interfaces:/home/gabi/Desktop/Handjob_ws/install/dynamixel_sdk:${AMENT_PREFIX_PATH} CMAKE_PREFIX_PATH=/home/gabi/Desktop/Handjob_ws/install/dynamixel_sdk_custom_interfaces:/home/gabi/Desktop/Handjob_ws/install/dynamixel_sdk:/home/gabi/Desktop/ros2_ws/install/annin_ar4_moveit_config:/home/gabi/Desktop/ros2_ws/install/annin_ar4_gazebo:/home/gabi/Desktop/ros2_ws/install/annin_ar4_driver:/home/gabi/Desktop/ros2_ws/install/annin_ar4_description:/opt/ros/jazzy/opt/gz_sim_vendor:/opt/ros/jazzy/opt/gz_sensors_vendor:/opt/ros/jazzy/opt/gz_physics_vendor:/opt/ros/jazzy/opt/sdformat_vendor:/opt/ros/jazzy/opt/gz_gui_vendor:/opt/ros/jazzy/opt/gz_transport_vendor:/opt/ros/jazzy/opt/gz_rendering_vendor:/opt/ros/jazzy/opt/gz_plugin_vendor:/opt/ros/jazzy/opt/gz_fuel_tools_vendor:/opt/ros/jazzy/opt/gz_msgs_vendor:/opt/ros/jazzy/opt/gz_common_vendor:/opt/ros/jazzy/opt/gz_math_vendor:/opt/ros/jazzy/opt/gz_utils_vendor:/opt/ros/jazzy/opt/gz_tools_vendor:/opt/ros/jazzy/opt/gz_ogre_next_vendor:/opt/ros/jazzy/opt/gz_dartsim_vendor:/opt/ros/jazzy/opt/gz_cmake_vendor:/opt/ros/jazzy DEBUGINFOD_URLS=https://debuginfod.ubuntu.com LD_LIBRARY_PATH=/home/gabi/Desktop/Handjob_ws/install/dynamixel_sdk_custom_interfaces/lib:/home/gabi/Desktop/Handjob_ws/install/dynamixel_sdk/lib:${LD_LIBRARY_PATH} PYTHONPATH=/home/gabi/Desktop/Handjob_ws/install/dynamixel_sdk_custom_interfaces/lib/python3.12/site-packages:/home/gabi/Desktop/Handjob_ws/install/dynamixel_sdk/lib/python3.12/site-packages:${PYTHONPATH} /usr/bin/cmake --install /home/gabi/Desktop/Handjob_ws/build/dynamixel_sdk_examples
[17.205s] -- Install configuration: ""
[17.205s] -- Installing: /home/gabi/Desktop/Handjob_ws/install/dynamixel_sdk_examples/lib/dynamixel_sdk_examples/read_write_node
[17.210s] -- Set non-toolchain portion of runtime path of "/home/gabi/Desktop/Handjob_ws/install/dynamixel_sdk_examples/lib/dynamixel_sdk_examples/read_write_node" to ""
[17.210s] -- Installing: /home/gabi/Desktop/Handjob_ws/install/dynamixel_sdk_examples/lib/dynamixel_sdk_examples/read_write_node.py
[17.210s] -- Installing: /home/gabi/Desktop/Handjob_ws/install/dynamixel_sdk_examples/share/ament_index/resource_index/package_run_dependencies/dynamixel_sdk_examples
[17.210s] -- Installing: /home/gabi/Desktop/Handjob_ws/install/dynamixel_sdk_examples/share/ament_index/resource_index/parent_prefix_path/dynamixel_sdk_examples
[17.211s] -- Installing: /home/gabi/Desktop/Handjob_ws/install/dynamixel_sdk_examples/share/dynamixel_sdk_examples/environment/ament_prefix_path.sh
[17.211s] -- Installing: /home/gabi/Desktop/Handjob_ws/install/dynamixel_sdk_examples/share/dynamixel_sdk_examples/environment/ament_prefix_path.dsv
[17.211s] -- Installing: /home/gabi/Desktop/Handjob_ws/install/dynamixel_sdk_examples/share/dynamixel_sdk_examples/environment/path.sh
[17.212s] -- Installing: /home/gabi/Desktop/Handjob_ws/install/dynamixel_sdk_examples/share/dynamixel_sdk_examples/environment/path.dsv
[17.212s] -- Installing: /home/gabi/Desktop/Handjob_ws/install/dynamixel_sdk_examples/share/dynamixel_sdk_examples/local_setup.bash
[17.212s] -- Installing: /home/gabi/Desktop/Handjob_ws/install/dynamixel_sdk_examples/share/dynamixel_sdk_examples/local_setup.sh
[17.212s] -- Installing: /home/gabi/Desktop/Handjob_ws/install/dynamixel_sdk_examples/share/dynamixel_sdk_examples/local_setup.zsh
[17.213s] -- Installing: /home/gabi/Desktop/Handjob_ws/install/dynamixel_sdk_examples/share/dynamixel_sdk_examples/local_setup.dsv
[17.213s] -- Installing: /home/gabi/Desktop/Handjob_ws/install/dynamixel_sdk_examples/share/dynamixel_sdk_examples/package.dsv
[17.213s] -- Installing: /home/gabi/Desktop/Handjob_ws/install/dynamixel_sdk_examples/share/ament_index/resource_index/packages/dynamixel_sdk_examples
[17.214s] -- Installing: /home/gabi/Desktop/Handjob_ws/install/dynamixel_sdk_examples/share/dynamixel_sdk_examples/cmake/dynamixel_sdk_examplesConfig.cmake
[17.214s] -- Installing: /home/gabi/Desktop/Handjob_ws/install/dynamixel_sdk_examples/share/dynamixel_sdk_examples/cmake/dynamixel_sdk_examplesConfig-version.cmake
[17.214s] -- Installing: /home/gabi/Desktop/Handjob_ws/install/dynamixel_sdk_examples/share/dynamixel_sdk_examples/package.xml
[17.217s] Invoked command in '/home/gabi/Desktop/Handjob_ws/build/dynamixel_sdk_examples' returned '0': AMENT_PREFIX_PATH=/home/gabi/Desktop/Handjob_ws/install/dynamixel_sdk_custom_interfaces:/home/gabi/Desktop/Handjob_ws/install/dynamixel_sdk:${AMENT_PREFIX_PATH} CMAKE_PREFIX_PATH=/home/gabi/Desktop/Handjob_ws/install/dynamixel_sdk_custom_interfaces:/home/gabi/Desktop/Handjob_ws/install/dynamixel_sdk:/home/gabi/Desktop/ros2_ws/install/annin_ar4_moveit_config:/home/gabi/Desktop/ros2_ws/install/annin_ar4_gazebo:/home/gabi/Desktop/ros2_ws/install/annin_ar4_driver:/home/gabi/Desktop/ros2_ws/install/annin_ar4_description:/opt/ros/jazzy/opt/gz_sim_vendor:/opt/ros/jazzy/opt/gz_sensors_vendor:/opt/ros/jazzy/opt/gz_physics_vendor:/opt/ros/jazzy/opt/sdformat_vendor:/opt/ros/jazzy/opt/gz_gui_vendor:/opt/ros/jazzy/opt/gz_transport_vendor:/opt/ros/jazzy/opt/gz_rendering_vendor:/opt/ros/jazzy/opt/gz_plugin_vendor:/opt/ros/jazzy/opt/gz_fuel_tools_vendor:/opt/ros/jazzy/opt/gz_msgs_vendor:/opt/ros/jazzy/opt/gz_common_vendor:/opt/ros/jazzy/opt/gz_math_vendor:/opt/ros/jazzy/opt/gz_utils_vendor:/opt/ros/jazzy/opt/gz_tools_vendor:/opt/ros/jazzy/opt/gz_ogre_next_vendor:/opt/ros/jazzy/opt/gz_dartsim_vendor:/opt/ros/jazzy/opt/gz_cmake_vendor:/opt/ros/jazzy DEBUGINFOD_URLS=https://debuginfod.ubuntu.com LD_LIBRARY_PATH=/home/gabi/Desktop/Handjob_ws/install/dynamixel_sdk_custom_interfaces/lib:/home/gabi/Desktop/Handjob_ws/install/dynamixel_sdk/lib:${LD_LIBRARY_PATH} PYTHONPATH=/home/gabi/Desktop/Handjob_ws/install/dynamixel_sdk_custom_interfaces/lib/python3.12/site-packages:/home/gabi/Desktop/Handjob_ws/install/dynamixel_sdk/lib/python3.12/site-packages:${PYTHONPATH} /usr/bin/cmake --install /home/gabi/Desktop/Handjob_ws/build/dynamixel_sdk_examples
