-- Found ament_cmake: 2.5.3 (/opt/ros/jazzy/share/ament_cmake/cmake)
-- Override CMake install command with custom implementation using symlinks instead of copying resources
-- Found rclcpp: 28.1.6 (/opt/ros/jazzy/share/rclcpp/cmake)
-- Found rosidl_generator_c: 4.6.5 (/opt/ros/jazzy/share/rosidl_generator_c/cmake)
-- Found rosidl_generator_cpp: 4.6.5 (/opt/ros/jazzy/share/rosidl_generator_cpp/cmake)
-- Using all available rosidl_typesupport_c: rosidl_typesupport_fastrtps_c;rosidl_typesupport_introspection_c
-- Using all available rosidl_typesupport_cpp: rosidl_typesupport_fastrtps_cpp;rosidl_typesupport_introspection_cpp
-- Found rmw_implementation_cmake: 7.3.1 (/opt/ros/jazzy/share/rmw_implementation_cmake/cmake)
-- Found rmw_fastrtps_cpp: 8.4.1 (/opt/ros/jazzy/share/rmw_fastrtps_cpp/cmake)
-- Found OpenSSL: /usr/lib/x86_64-linux-gnu/libcrypto.so (found version "3.0.13")  
-- Found FastRTPS: /opt/ros/jazzy/include (Required is at least version "2.13") 
-- Using RMW implementation 'rmw_fastrtps_cpp' as default
-- Found std_msgs: 5.3.5 (/opt/ros/jazzy/share/std_msgs/cmake)
-- Configuring done (3.6s)
-- Generating done (0.0s)
-- Build files have been written to: /home/gabi/Desktop/Handjob_ws/build/scservo_ros
[  9%] [32mBuilding CXX object CMakeFiles/SCServo.dir/src/SCS.cpp.o[0m
[ 18%] [32mBuilding CXX object CMakeFiles/SCServo.dir/src/SCSCL.cpp.o[0m
[ 27%] [32mBuilding CXX object CMakeFiles/SCServo.dir/src/SMS_STS.cpp.o[0m
[ 36%] [32mBuilding CXX object CMakeFiles/SCServo.dir/src/SCSerial.cpp.o[0m
[ 45%] [32mBuilding CXX object CMakeFiles/SCServo.dir/src/SMSBL.cpp.o[0m
[ 54%] [32mBuilding CXX object CMakeFiles/SCServo.dir/src/SMSCL.cpp.o[0m
[ 63%] [32m[1mLinking CXX static library libSCServo.a[0m
[ 63%] Built target SCServo
[ 72%] [32mBuilding CXX object CMakeFiles/Ping.dir/src/examples/SMS_STS/Ping/Ping.cpp.o[0m
[ 81%] [32mBuilding CXX object CMakeFiles/WritePos.dir/src/examples/SMS_STS/WritePos/WritePos.cpp.o[0m
[ 90%] [32m[1mLinking CXX executable Ping[0m
[ 90%] Built target Ping
[100%] [32m[1mLinking CXX executable WritePos[0m
[100%] Built target WritePos
-- Install configuration: ""
-- Execute custom install script
-- Symlinking: /home/gabi/Desktop/Handjob_ws/install/scservo_ros/lib/scservo_ros/Ping
-- Symlinking: /home/gabi/Desktop/Handjob_ws/install/scservo_ros/lib/scservo_ros/WritePos
-- Symlinking: /home/gabi/Desktop/Handjob_ws/install/scservo_ros/share/ament_index/resource_index/package_run_dependencies/scservo_ros
-- Symlinking: /home/gabi/Desktop/Handjob_ws/install/scservo_ros/share/ament_index/resource_index/parent_prefix_path/scservo_ros
-- Symlinking: /home/gabi/Desktop/Handjob_ws/install/scservo_ros/share/scservo_ros/environment/ament_prefix_path.sh
-- Symlinking: /home/gabi/Desktop/Handjob_ws/install/scservo_ros/share/scservo_ros/environment/ament_prefix_path.dsv
-- Symlinking: /home/gabi/Desktop/Handjob_ws/install/scservo_ros/share/scservo_ros/environment/path.sh
-- Symlinking: /home/gabi/Desktop/Handjob_ws/install/scservo_ros/share/scservo_ros/environment/path.dsv
-- Symlinking: /home/gabi/Desktop/Handjob_ws/install/scservo_ros/share/scservo_ros/local_setup.bash
-- Symlinking: /home/gabi/Desktop/Handjob_ws/install/scservo_ros/share/scservo_ros/local_setup.sh
-- Symlinking: /home/gabi/Desktop/Handjob_ws/install/scservo_ros/share/scservo_ros/local_setup.zsh
-- Symlinking: /home/gabi/Desktop/Handjob_ws/install/scservo_ros/share/scservo_ros/local_setup.dsv
-- Symlinking: /home/gabi/Desktop/Handjob_ws/install/scservo_ros/share/scservo_ros/package.dsv
-- Symlinking: /home/gabi/Desktop/Handjob_ws/install/scservo_ros/share/ament_index/resource_index/packages/scservo_ros
-- Symlinking: /home/gabi/Desktop/Handjob_ws/install/scservo_ros/share/scservo_ros/cmake/scservo_rosConfig.cmake
-- Symlinking: /home/gabi/Desktop/Handjob_ws/install/scservo_ros/share/scservo_ros/cmake/scservo_rosConfig-version.cmake
-- Symlinking: /home/gabi/Desktop/Handjob_ws/install/scservo_ros/share/scservo_ros/package.xml
