[0.066s] Invoking command in '/home/gabi/Desktop/Handjob_ws/build/dynamixel_sdk': CMAKE_PREFIX_PATH=${CMAKE_PREFIX_PATH}:/opt/ros/jazzy DEBUGINFOD_URLS=https://debuginfod.ubuntu.com /usr/bin/cmake /home/gabi/Desktop/Handjob_ws/src/DynamixelSDK/ros/dynamixel_sdk -DCMAKE_INSTALL_PREFIX=/home/gabi/Desktop/Handjob_ws/install/dynamixel_sdk
[0.133s] -- Found ament_cmake: 2.5.3 (/opt/ros/jazzy/share/ament_cmake/cmake)
[0.790s] -- Override CMake install command with custom implementation using symlinks instead of copying resources
[1.371s] -- Configuring done (1.3s)
[1.411s] -- Generating done (0.0s)
[1.418s] -- Build files have been written to: /home/gabi/Desktop/Handjob_ws/build/dynamixel_sdk
[1.432s] Invoked command in '/home/gabi/Desktop/Handjob_ws/build/dynamixel_sdk' returned '0': CMAKE_PREFIX_PATH=${CMAKE_PREFIX_PATH}:/opt/ros/jazzy DEBUGINFOD_URLS=https://debuginfod.ubuntu.com /usr/bin/cmake /home/gabi/Desktop/Handjob_ws/src/DynamixelSDK/ros/dynamixel_sdk -DCMAKE_INSTALL_PREFIX=/home/gabi/Desktop/Handjob_ws/install/dynamixel_sdk
[1.433s] Invoking command in '/home/gabi/Desktop/Handjob_ws/build/dynamixel_sdk': CMAKE_PREFIX_PATH=${CMAKE_PREFIX_PATH}:/opt/ros/jazzy DEBUGINFOD_URLS=https://debuginfod.ubuntu.com /usr/bin/cmake --build /home/gabi/Desktop/Handjob_ws/build/dynamixel_sdk -- -j8 -l8
[1.573s] [  7%] [32mBuilding CXX object CMakeFiles/dynamixel_sdk.dir/src/dynamixel_sdk/protocol1_packet_handler.cpp.o[0m
[1.590s] [ 15%] [32mBuilding CXX object CMakeFiles/dynamixel_sdk.dir/src/dynamixel_sdk/protocol2_packet_handler.cpp.o[0m
[1.590s] [ 23%] [32mBuilding CXX object CMakeFiles/dynamixel_sdk.dir/src/dynamixel_sdk/group_sync_write.cpp.o[0m
[1.607s] [ 30%] [32mBuilding CXX object CMakeFiles/dynamixel_sdk.dir/src/dynamixel_sdk/packet_handler.cpp.o[0m
[1.618s] [ 38%] [32mBuilding CXX object CMakeFiles/dynamixel_sdk.dir/src/dynamixel_sdk/group_bulk_write.cpp.o[0m
[1.629s] [ 46%] [32mBuilding CXX object CMakeFiles/dynamixel_sdk.dir/src/dynamixel_sdk/group_bulk_read.cpp.o[0m
[1.666s] [ 53%] [32mBuilding CXX object CMakeFiles/dynamixel_sdk.dir/src/dynamixel_sdk/group_sync_read.cpp.o[0m
[1.666s] [ 53%] Built target ament_cmake_python_symlink_dynamixel_sdk
[2.231s] [ 61%] [32mBuilding CXX object CMakeFiles/dynamixel_sdk.dir/src/dynamixel_sdk/group_fast_bulk_read.cpp.o[0m
[2.550s] [ 69%] [32mBuilding CXX object CMakeFiles/dynamixel_sdk.dir/src/dynamixel_sdk/group_fast_sync_read.cpp.o[0m
[2.687s] [ 76%] [32mBuilding CXX object CMakeFiles/dynamixel_sdk.dir/src/dynamixel_sdk/group_handler.cpp.o[0m
[3.094s] [ 84%] [32mBuilding CXX object CMakeFiles/dynamixel_sdk.dir/src/dynamixel_sdk/port_handler.cpp.o[0m
[3.280s] [ 92%] [32mBuilding CXX object CMakeFiles/dynamixel_sdk.dir/src/dynamixel_sdk/port_handler_linux.cpp.o[0m
[3.846s] running egg_info
[3.847s] creating dynamixel_sdk.egg-info
[3.910s] writing dynamixel_sdk.egg-info/PKG-INFO
[3.929s] writing dependency_links to dynamixel_sdk.egg-info/dependency_links.txt
[3.929s] writing top-level names to dynamixel_sdk.egg-info/top_level.txt
[3.929s] writing manifest file 'dynamixel_sdk.egg-info/SOURCES.txt'
[4.004s] [100%] [32m[1mLinking CXX shared library libdynamixel_sdk.so[0m
[4.319s] reading manifest file 'dynamixel_sdk.egg-info/SOURCES.txt'
[4.322s] writing manifest file 'dynamixel_sdk.egg-info/SOURCES.txt'
[4.450s] [100%] Built target dynamixel_sdk
[4.484s] [100%] Built target ament_cmake_python_build_dynamixel_sdk_egg
[4.542s] Invoked command in '/home/gabi/Desktop/Handjob_ws/build/dynamixel_sdk' returned '0': CMAKE_PREFIX_PATH=${CMAKE_PREFIX_PATH}:/opt/ros/jazzy DEBUGINFOD_URLS=https://debuginfod.ubuntu.com /usr/bin/cmake --build /home/gabi/Desktop/Handjob_ws/build/dynamixel_sdk -- -j8 -l8
[4.574s] Invoking command in '/home/gabi/Desktop/Handjob_ws/build/dynamixel_sdk': CMAKE_PREFIX_PATH=${CMAKE_PREFIX_PATH}:/opt/ros/jazzy DEBUGINFOD_URLS=https://debuginfod.ubuntu.com /usr/bin/cmake --install /home/gabi/Desktop/Handjob_ws/build/dynamixel_sdk
[4.601s] -- Install configuration: ""
[4.601s] -- Execute custom install script
[4.605s] -- Symlinking: /home/gabi/Desktop/Handjob_ws/install/dynamixel_sdk/include//dynamixel_sdk/dynamixel_sdk.h
[4.636s] -- Symlinking: /home/gabi/Desktop/Handjob_ws/install/dynamixel_sdk/include//dynamixel_sdk/group_bulk_read.h
[4.662s] -- Symlinking: /home/gabi/Desktop/Handjob_ws/install/dynamixel_sdk/include//dynamixel_sdk/group_bulk_write.h
[4.699s] -- Symlinking: /home/gabi/Desktop/Handjob_ws/install/dynamixel_sdk/include//dynamixel_sdk/group_fast_bulk_read.h
[4.727s] -- Symlinking: /home/gabi/Desktop/Handjob_ws/install/dynamixel_sdk/include//dynamixel_sdk/group_fast_sync_read.h
[4.757s] -- Symlinking: /home/gabi/Desktop/Handjob_ws/install/dynamixel_sdk/include//dynamixel_sdk/group_handler.h
[4.786s] -- Symlinking: /home/gabi/Desktop/Handjob_ws/install/dynamixel_sdk/include//dynamixel_sdk/group_sync_read.h
[4.860s] -- Symlinking: /home/gabi/Desktop/Handjob_ws/install/dynamixel_sdk/include//dynamixel_sdk/group_sync_write.h
[4.909s] -- Symlinking: /home/gabi/Desktop/Handjob_ws/install/dynamixel_sdk/include//dynamixel_sdk/packet_handler.h
[4.933s] -- Symlinking: /home/gabi/Desktop/Handjob_ws/install/dynamixel_sdk/include//dynamixel_sdk/port_handler.h
[4.972s] -- Symlinking: /home/gabi/Desktop/Handjob_ws/install/dynamixel_sdk/include//dynamixel_sdk/port_handler_arduino.h
[5.013s] -- Symlinking: /home/gabi/Desktop/Handjob_ws/install/dynamixel_sdk/include//dynamixel_sdk/port_handler_linux.h
[5.048s] -- Symlinking: /home/gabi/Desktop/Handjob_ws/install/dynamixel_sdk/include//dynamixel_sdk/port_handler_mac.h
[5.088s] -- Symlinking: /home/gabi/Desktop/Handjob_ws/install/dynamixel_sdk/include//dynamixel_sdk/port_handler_windows.h
[5.134s] -- Symlinking: /home/gabi/Desktop/Handjob_ws/install/dynamixel_sdk/include//dynamixel_sdk/protocol1_packet_handler.h
[5.178s] -- Symlinking: /home/gabi/Desktop/Handjob_ws/install/dynamixel_sdk/include//dynamixel_sdk/protocol2_packet_handler.h
[5.219s] -- Symlinking: /home/gabi/Desktop/Handjob_ws/install/dynamixel_sdk/share/dynamixel_sdk/environment/pythonpath.sh
[5.268s] -- Symlinking: /home/gabi/Desktop/Handjob_ws/install/dynamixel_sdk/share/dynamixel_sdk/environment/pythonpath.dsv
[5.306s] -- Symlinking: /home/gabi/Desktop/Handjob_ws/install/dynamixel_sdk/lib/python3.12/site-packages/dynamixel_sdk-3.8.4-py3.12.egg-info/PKG-INFO
[5.332s] -- Symlinking: /home/gabi/Desktop/Handjob_ws/install/dynamixel_sdk/lib/python3.12/site-packages/dynamixel_sdk-3.8.4-py3.12.egg-info/SOURCES.txt
[5.372s] -- Symlinking: /home/gabi/Desktop/Handjob_ws/install/dynamixel_sdk/lib/python3.12/site-packages/dynamixel_sdk-3.8.4-py3.12.egg-info/dependency_links.txt
[5.410s] -- Symlinking: /home/gabi/Desktop/Handjob_ws/install/dynamixel_sdk/lib/python3.12/site-packages/dynamixel_sdk-3.8.4-py3.12.egg-info/top_level.txt
[5.447s] -- Symlinking: /home/gabi/Desktop/Handjob_ws/install/dynamixel_sdk/lib/python3.12/site-packages/dynamixel_sdk/__init__.py
[5.487s] -- Symlinking: /home/gabi/Desktop/Handjob_ws/install/dynamixel_sdk/lib/python3.12/site-packages/dynamixel_sdk/group_bulk_read.cpp
[5.534s] -- Symlinking: /home/gabi/Desktop/Handjob_ws/install/dynamixel_sdk/lib/python3.12/site-packages/dynamixel_sdk/group_bulk_read.py
[5.586s] -- Symlinking: /home/gabi/Desktop/Handjob_ws/install/dynamixel_sdk/lib/python3.12/site-packages/dynamixel_sdk/group_bulk_write.cpp
[5.609s] -- Symlinking: /home/gabi/Desktop/Handjob_ws/install/dynamixel_sdk/lib/python3.12/site-packages/dynamixel_sdk/group_bulk_write.py
[5.656s] -- Symlinking: /home/gabi/Desktop/Handjob_ws/install/dynamixel_sdk/lib/python3.12/site-packages/dynamixel_sdk/group_fast_bulk_read.cpp
[5.676s] -- Symlinking: /home/gabi/Desktop/Handjob_ws/install/dynamixel_sdk/lib/python3.12/site-packages/dynamixel_sdk/group_fast_sync_read.cpp
[5.731s] -- Symlinking: /home/gabi/Desktop/Handjob_ws/install/dynamixel_sdk/lib/python3.12/site-packages/dynamixel_sdk/group_handler.cpp
[5.774s] -- Symlinking: /home/gabi/Desktop/Handjob_ws/install/dynamixel_sdk/lib/python3.12/site-packages/dynamixel_sdk/group_sync_read.cpp
[5.806s] -- Symlinking: /home/gabi/Desktop/Handjob_ws/install/dynamixel_sdk/lib/python3.12/site-packages/dynamixel_sdk/group_sync_read.py
[5.836s] -- Symlinking: /home/gabi/Desktop/Handjob_ws/install/dynamixel_sdk/lib/python3.12/site-packages/dynamixel_sdk/group_sync_write.cpp
[5.870s] -- Symlinking: /home/gabi/Desktop/Handjob_ws/install/dynamixel_sdk/lib/python3.12/site-packages/dynamixel_sdk/group_sync_write.py
[5.907s] -- Symlinking: /home/gabi/Desktop/Handjob_ws/install/dynamixel_sdk/lib/python3.12/site-packages/dynamixel_sdk/packet_handler.cpp
[5.920s] -- Symlinking: /home/gabi/Desktop/Handjob_ws/install/dynamixel_sdk/lib/python3.12/site-packages/dynamixel_sdk/packet_handler.py
[5.962s] -- Symlinking: /home/gabi/Desktop/Handjob_ws/install/dynamixel_sdk/lib/python3.12/site-packages/dynamixel_sdk/port_handler.cpp
[5.992s] -- Symlinking: /home/gabi/Desktop/Handjob_ws/install/dynamixel_sdk/lib/python3.12/site-packages/dynamixel_sdk/port_handler.py
[6.030s] -- Symlinking: /home/gabi/Desktop/Handjob_ws/install/dynamixel_sdk/lib/python3.12/site-packages/dynamixel_sdk/port_handler_arduino.cpp
[6.054s] -- Symlinking: /home/gabi/Desktop/Handjob_ws/install/dynamixel_sdk/lib/python3.12/site-packages/dynamixel_sdk/port_handler_linux.cpp
[6.089s] -- Symlinking: /home/gabi/Desktop/Handjob_ws/install/dynamixel_sdk/lib/python3.12/site-packages/dynamixel_sdk/port_handler_mac.cpp
[6.124s] -- Symlinking: /home/gabi/Desktop/Handjob_ws/install/dynamixel_sdk/lib/python3.12/site-packages/dynamixel_sdk/port_handler_windows.cpp
[6.151s] -- Symlinking: /home/gabi/Desktop/Handjob_ws/install/dynamixel_sdk/lib/python3.12/site-packages/dynamixel_sdk/protocol1_packet_handler.cpp
[6.181s] -- Symlinking: /home/gabi/Desktop/Handjob_ws/install/dynamixel_sdk/lib/python3.12/site-packages/dynamixel_sdk/protocol1_packet_handler.py
[6.231s] -- Symlinking: /home/gabi/Desktop/Handjob_ws/install/dynamixel_sdk/lib/python3.12/site-packages/dynamixel_sdk/protocol2_packet_handler.cpp
[6.272s] -- Symlinking: /home/gabi/Desktop/Handjob_ws/install/dynamixel_sdk/lib/python3.12/site-packages/dynamixel_sdk/protocol2_packet_handler.py
[6.300s] -- Symlinking: /home/gabi/Desktop/Handjob_ws/install/dynamixel_sdk/lib/python3.12/site-packages/dynamixel_sdk/robotis_def.py
[6.324s] -- Symlinking: /home/gabi/Desktop/Handjob_ws/install/dynamixel_sdk/share/dynamixel_sdk/environment/library_path.sh
[6.351s] -- Symlinking: /home/gabi/Desktop/Handjob_ws/install/dynamixel_sdk/share/dynamixel_sdk/environment/library_path.dsv
[6.388s] -- Symlinking: /home/gabi/Desktop/Handjob_ws/install/dynamixel_sdk/share/ament_index/resource_index/package_run_dependencies/dynamixel_sdk
[6.414s] -- Symlinking: /home/gabi/Desktop/Handjob_ws/install/dynamixel_sdk/share/ament_index/resource_index/parent_prefix_path/dynamixel_sdk
[6.441s] -- Symlinking: /home/gabi/Desktop/Handjob_ws/install/dynamixel_sdk/share/dynamixel_sdk/environment/ament_prefix_path.sh
[6.487s] -- Symlinking: /home/gabi/Desktop/Handjob_ws/install/dynamixel_sdk/share/dynamixel_sdk/environment/ament_prefix_path.dsv
[6.513s] -- Symlinking: /home/gabi/Desktop/Handjob_ws/install/dynamixel_sdk/share/dynamixel_sdk/environment/path.sh
[6.538s] -- Symlinking: /home/gabi/Desktop/Handjob_ws/install/dynamixel_sdk/share/dynamixel_sdk/environment/path.dsv
[6.578s] -- Symlinking: /home/gabi/Desktop/Handjob_ws/install/dynamixel_sdk/share/dynamixel_sdk/local_setup.bash
[6.610s] -- Symlinking: /home/gabi/Desktop/Handjob_ws/install/dynamixel_sdk/share/dynamixel_sdk/local_setup.sh
[6.636s] -- Symlinking: /home/gabi/Desktop/Handjob_ws/install/dynamixel_sdk/share/dynamixel_sdk/local_setup.zsh
[6.662s] -- Symlinking: /home/gabi/Desktop/Handjob_ws/install/dynamixel_sdk/share/dynamixel_sdk/local_setup.dsv
[6.700s] -- Symlinking: /home/gabi/Desktop/Handjob_ws/install/dynamixel_sdk/share/dynamixel_sdk/package.dsv
[6.726s] -- Symlinking: /home/gabi/Desktop/Handjob_ws/install/dynamixel_sdk/share/ament_index/resource_index/packages/dynamixel_sdk
[6.749s] -- Symlinking: /home/gabi/Desktop/Handjob_ws/install/dynamixel_sdk/share/dynamixel_sdk/cmake/ament_cmake_export_targets-extras.cmake
[6.778s] -- Symlinking: /home/gabi/Desktop/Handjob_ws/install/dynamixel_sdk/share/dynamixel_sdk/cmake/ament_cmake_export_include_directories-extras.cmake
[6.807s] -- Symlinking: /home/gabi/Desktop/Handjob_ws/install/dynamixel_sdk/share/dynamixel_sdk/cmake/ament_cmake_export_libraries-extras.cmake
[6.835s] -- Symlinking: /home/gabi/Desktop/Handjob_ws/install/dynamixel_sdk/share/dynamixel_sdk/cmake/dynamixel_sdkConfig.cmake
[6.880s] -- Symlinking: /home/gabi/Desktop/Handjob_ws/install/dynamixel_sdk/share/dynamixel_sdk/cmake/dynamixel_sdkConfig-version.cmake
[6.918s] -- Symlinking: /home/gabi/Desktop/Handjob_ws/install/dynamixel_sdk/share/dynamixel_sdk/package.xml
[6.942s] -- Installing: /home/gabi/Desktop/Handjob_ws/install/dynamixel_sdk/lib/libdynamixel_sdk.so
[7.155s] Listing '/home/gabi/Desktop/Handjob_ws/install/dynamixel_sdk/lib/python3.12/site-packages/dynamixel_sdk'...
[7.155s] Compiling '/home/gabi/Desktop/Handjob_ws/install/dynamixel_sdk/lib/python3.12/site-packages/dynamixel_sdk/__init__.py'...
[7.156s] Compiling '/home/gabi/Desktop/Handjob_ws/install/dynamixel_sdk/lib/python3.12/site-packages/dynamixel_sdk/group_bulk_read.py'...
[7.156s] Compiling '/home/gabi/Desktop/Handjob_ws/install/dynamixel_sdk/lib/python3.12/site-packages/dynamixel_sdk/group_bulk_write.py'...
[7.156s] Compiling '/home/gabi/Desktop/Handjob_ws/install/dynamixel_sdk/lib/python3.12/site-packages/dynamixel_sdk/group_sync_read.py'...
[7.156s] Compiling '/home/gabi/Desktop/Handjob_ws/install/dynamixel_sdk/lib/python3.12/site-packages/dynamixel_sdk/group_sync_write.py'...
[7.157s] Compiling '/home/gabi/Desktop/Handjob_ws/install/dynamixel_sdk/lib/python3.12/site-packages/dynamixel_sdk/packet_handler.py'...
[7.157s] Compiling '/home/gabi/Desktop/Handjob_ws/install/dynamixel_sdk/lib/python3.12/site-packages/dynamixel_sdk/port_handler.py'...
[7.157s] Compiling '/home/gabi/Desktop/Handjob_ws/install/dynamixel_sdk/lib/python3.12/site-packages/dynamixel_sdk/protocol1_packet_handler.py'...
[7.157s] Compiling '/home/gabi/Desktop/Handjob_ws/install/dynamixel_sdk/lib/python3.12/site-packages/dynamixel_sdk/protocol2_packet_handler.py'...
[7.159s] Compiling '/home/gabi/Desktop/Handjob_ws/install/dynamixel_sdk/lib/python3.12/site-packages/dynamixel_sdk/robotis_def.py'...
[7.178s] -- Installing: /home/gabi/Desktop/Handjob_ws/install/dynamixel_sdk/share/dynamixel_sdk/cmake/dynamixel_sdkExport.cmake
[7.178s] -- Installing: /home/gabi/Desktop/Handjob_ws/install/dynamixel_sdk/share/dynamixel_sdk/cmake/dynamixel_sdkExport-noconfig.cmake
[7.194s] Invoked command in '/home/gabi/Desktop/Handjob_ws/build/dynamixel_sdk' returned '0': CMAKE_PREFIX_PATH=${CMAKE_PREFIX_PATH}:/opt/ros/jazzy DEBUGINFOD_URLS=https://debuginfod.ubuntu.com /usr/bin/cmake --install /home/gabi/Desktop/Handjob_ws/build/dynamixel_sdk
