-- Found ament_cmake: 2.5.3 (/opt/ros/jazzy/share/ament_cmake/cmake)
-- Found rclcpp: 28.1.6 (/opt/ros/jazzy/share/rclcpp/cmake)
-- Found rosidl_generator_c: 4.6.5 (/opt/ros/jazzy/share/rosidl_generator_c/cmake)
-- Found rosidl_generator_cpp: 4.6.5 (/opt/ros/jazzy/share/rosidl_generator_cpp/cmake)
-- Using all available rosidl_typesupport_c: rosidl_typesupport_fastrtps_c;rosidl_typesupport_introspection_c
-- Using all available rosidl_typesupport_cpp: rosidl_typesupport_fastrtps_cpp;rosidl_typesupport_introspection_cpp
-- Found rmw_implementation_cmake: 7.3.1 (/opt/ros/jazzy/share/rmw_implementation_cmake/cmake)
-- Found rmw_fastrtps_cpp: 8.4.1 (/opt/ros/jazzy/share/rmw_fastrtps_cpp/cmake)
-- Found OpenSSL: /usr/lib/x86_64-linux-gnu/libcrypto.so (found version "3.0.13")  
-- Found FastRTPS: /opt/ros/jazzy/include (Required is at least version "2.13") 
-- Using RMW implementation 'rmw_fastrtps_cpp' as default
-- Found std_msgs: 5.3.5 (/opt/ros/jazzy/share/std_msgs/cmake)
-- Found geometry_msgs: 5.3.5 (/opt/ros/jazzy/share/geometry_msgs/cmake)
-- Found rosidl_default_generators: 1.6.0 (/opt/ros/jazzy/share/rosidl_default_generators/cmake)
-- Found rosidl_adapter: 4.6.5 (/opt/ros/jazzy/share/rosidl_adapter/cmake)
-- Found ament_cmake_ros: 0.12.0 (/opt/ros/jazzy/share/ament_cmake_ros/cmake)
-- Using all available rosidl_typesupport_c: rosidl_typesupport_fastrtps_c;rosidl_typesupport_introspection_c
-- Using all available rosidl_typesupport_cpp: rosidl_typesupport_fastrtps_cpp;rosidl_typesupport_introspection_cpp
-- Found python_cmake_module: 0.11.1 (/opt/ros/jazzy/share/python_cmake_module/cmake)
-- Found PythonExtra: /usr/bin/python3  
-- Found Python3: /usr/bin/python3 (found version "3.12.3") found components: Interpreter Development NumPy Development.Module Development.Embed 
-- Configuring done (13.2s)
-- Generating done (0.1s)
-- Build files have been written to: /home/gabi/Desktop/Handjob_ws/build/leap_node
[  1%] [34m[1mGenerating type hashes for ROS interfaces[0m
[  3%] [32mBuilding CXX object CMakeFiles/sample_node.dir/src/Sample.cpp.o[0m
[  3%] Built target ament_cmake_python_copy_leap_node
running egg_info
creating leap_node.egg-info
writing leap_node.egg-info/PKG-INFO
writing dependency_links to leap_node.egg-info/dependency_links.txt
writing top-level names to leap_node.egg-info/top_level.txt
writing manifest file 'leap_node.egg-info/SOURCES.txt'
[  3%] Built target leap_node__rosidl_generator_type_description
[  5%] [34m[1mGenerating C code for ROS interfaces[0m
reading manifest file 'leap_node.egg-info/SOURCES.txt'
writing manifest file 'leap_node.egg-info/SOURCES.txt'
[  7%] [34m[1mGenerating C++ code for ROS interfaces[0m
[  7%] Built target ament_cmake_python_build_leap_node_egg
[  8%] [32mBuilding C object CMakeFiles/leap_node__rosidl_generator_c.dir/rosidl_generator_c/leap_node/msg/detail/finger_data__description.c.o[0m
[ 10%] [32mBuilding C object CMakeFiles/leap_node__rosidl_generator_c.dir/rosidl_generator_c/leap_node/msg/detail/bone_data__functions.c.o[0m
[ 12%] [32mBuilding C object CMakeFiles/leap_node__rosidl_generator_c.dir/rosidl_generator_c/leap_node/msg/detail/bone_data__description.c.o[0m
[ 14%] [32mBuilding C object CMakeFiles/leap_node__rosidl_generator_c.dir/rosidl_generator_c/leap_node/msg/detail/bone_data__type_support.c.o[0m
[ 16%] [32mBuilding C object CMakeFiles/leap_node__rosidl_generator_c.dir/rosidl_generator_c/leap_node/msg/detail/finger_data__type_support.c.o[0m
[ 17%] [32mBuilding C object CMakeFiles/leap_node__rosidl_generator_c.dir/rosidl_generator_c/leap_node/msg/detail/hand_data__description.c.o[0m
[ 19%] [32mBuilding C object CMakeFiles/leap_node__rosidl_generator_c.dir/rosidl_generator_c/leap_node/msg/detail/hand_data__functions.c.o[0m
[ 21%] [32mBuilding C object CMakeFiles/leap_node__rosidl_generator_c.dir/rosidl_generator_c/leap_node/msg/detail/hand_data__type_support.c.o[0m
[ 23%] [32mBuilding C object CMakeFiles/leap_node__rosidl_generator_c.dir/rosidl_generator_c/leap_node/msg/detail/finger_data__functions.c.o[0m
[ 25%] [32m[1mLinking C shared library libleap_node__rosidl_generator_c.so[0m
[ 25%] Built target leap_node__rosidl_generator_c
[ 25%] Built target leap_node__cpp
[ 26%] [32m[1mLinking CXX executable sample_node[0m
[ 26%] Built target sample_node
[ 28%] [34m[1mGenerating C++ introspection for ROS interfaces[0m
[ 30%] [32mBuilding CXX object CMakeFiles/leap_node__rosidl_typesupport_introspection_cpp.dir/rosidl_typesupport_introspection_cpp/leap_node/msg/detail/bone_data__type_support.cpp.o[0m
[ 32%] [32mBuilding CXX object CMakeFiles/leap_node__rosidl_typesupport_introspection_cpp.dir/rosidl_typesupport_introspection_cpp/leap_node/msg/detail/hand_data__type_support.cpp.o[0m
[ 33%] [32mBuilding CXX object CMakeFiles/leap_node__rosidl_typesupport_introspection_cpp.dir/rosidl_typesupport_introspection_cpp/leap_node/msg/detail/finger_data__type_support.cpp.o[0m
[ 35%] [32m[1mLinking CXX shared library libleap_node__rosidl_typesupport_introspection_cpp.so[0m
[ 35%] Built target leap_node__rosidl_typesupport_introspection_cpp
[ 37%] [34m[1mGenerating C++ type support for eProsima Fast-RTPS[0m
[ 39%] [32mBuilding CXX object CMakeFiles/leap_node__rosidl_typesupport_fastrtps_cpp.dir/rosidl_typesupport_fastrtps_cpp/leap_node/msg/detail/dds_fastrtps/bone_data__type_support.cpp.o[0m
[ 41%] [32mBuilding CXX object CMakeFiles/leap_node__rosidl_typesupport_fastrtps_cpp.dir/rosidl_typesupport_fastrtps_cpp/leap_node/msg/detail/dds_fastrtps/hand_data__type_support.cpp.o[0m
[ 42%] [32mBuilding CXX object CMakeFiles/leap_node__rosidl_typesupport_fastrtps_cpp.dir/rosidl_typesupport_fastrtps_cpp/leap_node/msg/detail/dds_fastrtps/finger_data__type_support.cpp.o[0m
[ 44%] [32m[1mLinking CXX shared library libleap_node__rosidl_typesupport_fastrtps_cpp.so[0m
[ 44%] Built target leap_node__rosidl_typesupport_fastrtps_cpp
[ 46%] [34m[1mGenerating C++ type support dispatch for ROS interfaces[0m
[ 48%] [32mBuilding CXX object CMakeFiles/leap_node__rosidl_typesupport_cpp.dir/rosidl_typesupport_cpp/leap_node/msg/bone_data__type_support.cpp.o[0m
[ 50%] [32mBuilding CXX object CMakeFiles/leap_node__rosidl_typesupport_cpp.dir/rosidl_typesupport_cpp/leap_node/msg/hand_data__type_support.cpp.o[0m
[ 51%] [32mBuilding CXX object CMakeFiles/leap_node__rosidl_typesupport_cpp.dir/rosidl_typesupport_cpp/leap_node/msg/finger_data__type_support.cpp.o[0m
[ 53%] [32m[1mLinking CXX shared library libleap_node__rosidl_typesupport_cpp.so[0m
[ 53%] Built target leap_node__rosidl_typesupport_cpp
[ 55%] [34m[1mGenerating C type support dispatch for ROS interfaces[0m
[ 57%] [32mBuilding CXX object CMakeFiles/leap_node__rosidl_typesupport_c.dir/rosidl_typesupport_c/leap_node/msg/bone_data__type_support.cpp.o[0m
[ 58%] [32mBuilding CXX object CMakeFiles/leap_node__rosidl_typesupport_c.dir/rosidl_typesupport_c/leap_node/msg/hand_data__type_support.cpp.o[0m
[ 60%] [32mBuilding CXX object CMakeFiles/leap_node__rosidl_typesupport_c.dir/rosidl_typesupport_c/leap_node/msg/finger_data__type_support.cpp.o[0m
[ 62%] [32m[1mLinking CXX shared library libleap_node__rosidl_typesupport_c.so[0m
[ 62%] Built target leap_node__rosidl_typesupport_c
[ 64%] [34m[1mGenerating C introspection for ROS interfaces[0m
[ 66%] [32mBuilding C object CMakeFiles/leap_node__rosidl_typesupport_introspection_c.dir/rosidl_typesupport_introspection_c/leap_node/msg/detail/bone_data__type_support.c.o[0m
[ 67%] [32mBuilding C object CMakeFiles/leap_node__rosidl_typesupport_introspection_c.dir/rosidl_typesupport_introspection_c/leap_node/msg/detail/hand_data__type_support.c.o[0m
[ 69%] [32mBuilding C object CMakeFiles/leap_node__rosidl_typesupport_introspection_c.dir/rosidl_typesupport_introspection_c/leap_node/msg/detail/finger_data__type_support.c.o[0m
[ 71%] [32m[1mLinking C shared library libleap_node__rosidl_typesupport_introspection_c.so[0m
[ 71%] Built target leap_node__rosidl_typesupport_introspection_c
[ 73%] [34m[1mGenerating C type support for eProsima Fast-RTPS[0m
[ 75%] [32mBuilding CXX object CMakeFiles/leap_node__rosidl_typesupport_fastrtps_c.dir/rosidl_typesupport_fastrtps_c/leap_node/msg/detail/bone_data__type_support_c.cpp.o[0m
[ 76%] [32mBuilding CXX object CMakeFiles/leap_node__rosidl_typesupport_fastrtps_c.dir/rosidl_typesupport_fastrtps_c/leap_node/msg/detail/hand_data__type_support_c.cpp.o[0m
[ 78%] [32mBuilding CXX object CMakeFiles/leap_node__rosidl_typesupport_fastrtps_c.dir/rosidl_typesupport_fastrtps_c/leap_node/msg/detail/finger_data__type_support_c.cpp.o[0m
[ 80%] [32m[1mLinking CXX shared library libleap_node__rosidl_typesupport_fastrtps_c.so[0m
[ 80%] Built target leap_node__rosidl_typesupport_fastrtps_c
[ 80%] Built target leap_node
[ 82%] [34m[1mGenerating Python code for ROS interfaces[0m
[ 82%] Built target leap_node__py
[ 83%] [32mBuilding C object CMakeFiles/leap_node__rosidl_generator_py.dir/rosidl_generator_py/leap_node/msg/_bone_data_s.c.o[0m
[ 85%] [32mBuilding C object CMakeFiles/leap_node__rosidl_generator_py.dir/rosidl_generator_py/leap_node/msg/_hand_data_s.c.o[0m
[ 87%] [32mBuilding C object CMakeFiles/leap_node__rosidl_generator_py.dir/rosidl_generator_py/leap_node/msg/_finger_data_s.c.o[0m
[ 89%] [32m[1mLinking C shared library libleap_node__rosidl_generator_py.so[0m
[ 89%] Built target leap_node__rosidl_generator_py
[ 91%] [32mBuilding C object CMakeFiles/leap_node_s__rosidl_typesupport_fastrtps_c.dir/rosidl_generator_py/leap_node/_leap_node_s.ep.rosidl_typesupport_fastrtps_c.c.o[0m
[ 92%] [32m[1mLinking C shared module rosidl_generator_py/leap_node/leap_node_s__rosidl_typesupport_fastrtps_c.so[0m
[ 92%] Built target leap_node_s__rosidl_typesupport_fastrtps_c
[ 94%] [32mBuilding C object CMakeFiles/leap_node_s__rosidl_typesupport_c.dir/rosidl_generator_py/leap_node/_leap_node_s.ep.rosidl_typesupport_c.c.o[0m
[ 96%] [32m[1mLinking C shared module rosidl_generator_py/leap_node/leap_node_s__rosidl_typesupport_c.so[0m
[ 96%] Built target leap_node_s__rosidl_typesupport_c
[ 98%] [32mBuilding C object CMakeFiles/leap_node_s__rosidl_typesupport_introspection_c.dir/rosidl_generator_py/leap_node/_leap_node_s.ep.rosidl_typesupport_introspection_c.c.o[0m
[100%] [32m[1mLinking C shared module rosidl_generator_py/leap_node/leap_node_s__rosidl_typesupport_introspection_c.so[0m
[100%] Built target leap_node_s__rosidl_typesupport_introspection_c
-- Install configuration: ""
-- Installing: /home/gabi/Desktop/Handjob_ws/install/leap_node/share/ament_index/resource_index/rosidl_interfaces/leap_node
-- Installing: /home/gabi/Desktop/Handjob_ws/install/leap_node/share/leap_node/msg/BoneData.json
-- Installing: /home/gabi/Desktop/Handjob_ws/install/leap_node/share/leap_node/msg/FingerData.json
-- Installing: /home/gabi/Desktop/Handjob_ws/install/leap_node/share/leap_node/msg/HandData.json
-- Installing: /home/gabi/Desktop/Handjob_ws/install/leap_node/include/leap_node/leap_node
-- Installing: /home/gabi/Desktop/Handjob_ws/install/leap_node/include/leap_node/leap_node/msg
-- Installing: /home/gabi/Desktop/Handjob_ws/install/leap_node/include/leap_node/leap_node/msg/rosidl_generator_c__visibility_control.h
-- Installing: /home/gabi/Desktop/Handjob_ws/install/leap_node/include/leap_node/leap_node/msg/finger_data.h
-- Installing: /home/gabi/Desktop/Handjob_ws/install/leap_node/include/leap_node/leap_node/msg/detail
-- Installing: /home/gabi/Desktop/Handjob_ws/install/leap_node/include/leap_node/leap_node/msg/detail/finger_data__functions.h
-- Installing: /home/gabi/Desktop/Handjob_ws/install/leap_node/include/leap_node/leap_node/msg/detail/bone_data__struct.h
-- Installing: /home/gabi/Desktop/Handjob_ws/install/leap_node/include/leap_node/leap_node/msg/detail/bone_data__description.c
-- Installing: /home/gabi/Desktop/Handjob_ws/install/leap_node/include/leap_node/leap_node/msg/detail/bone_data__functions.c
-- Installing: /home/gabi/Desktop/Handjob_ws/install/leap_node/include/leap_node/leap_node/msg/detail/finger_data__struct.h
-- Installing: /home/gabi/Desktop/Handjob_ws/install/leap_node/include/leap_node/leap_node/msg/detail/finger_data__functions.c
-- Installing: /home/gabi/Desktop/Handjob_ws/install/leap_node/include/leap_node/leap_node/msg/detail/hand_data__struct.h
-- Installing: /home/gabi/Desktop/Handjob_ws/install/leap_node/include/leap_node/leap_node/msg/detail/hand_data__type_support.c
-- Installing: /home/gabi/Desktop/Handjob_ws/install/leap_node/include/leap_node/leap_node/msg/detail/finger_data__type_support.h
-- Installing: /home/gabi/Desktop/Handjob_ws/install/leap_node/include/leap_node/leap_node/msg/detail/bone_data__functions.h
-- Installing: /home/gabi/Desktop/Handjob_ws/install/leap_node/include/leap_node/leap_node/msg/detail/bone_data__type_support.c
-- Installing: /home/gabi/Desktop/Handjob_ws/install/leap_node/include/leap_node/leap_node/msg/detail/hand_data__description.c
-- Installing: /home/gabi/Desktop/Handjob_ws/install/leap_node/include/leap_node/leap_node/msg/detail/hand_data__functions.h
-- Installing: /home/gabi/Desktop/Handjob_ws/install/leap_node/include/leap_node/leap_node/msg/detail/hand_data__type_support.h
-- Installing: /home/gabi/Desktop/Handjob_ws/install/leap_node/include/leap_node/leap_node/msg/detail/bone_data__type_support.h
-- Installing: /home/gabi/Desktop/Handjob_ws/install/leap_node/include/leap_node/leap_node/msg/detail/hand_data__functions.c
-- Installing: /home/gabi/Desktop/Handjob_ws/install/leap_node/include/leap_node/leap_node/msg/detail/finger_data__description.c
-- Installing: /home/gabi/Desktop/Handjob_ws/install/leap_node/include/leap_node/leap_node/msg/detail/finger_data__type_support.c
-- Installing: /home/gabi/Desktop/Handjob_ws/install/leap_node/include/leap_node/leap_node/msg/bone_data.h
-- Installing: /home/gabi/Desktop/Handjob_ws/install/leap_node/include/leap_node/leap_node/msg/hand_data.h
-- Installing: /home/gabi/Desktop/Handjob_ws/install/leap_node/share/leap_node/environment/library_path.sh
-- Installing: /home/gabi/Desktop/Handjob_ws/install/leap_node/share/leap_node/environment/library_path.dsv
-- Installing: /home/gabi/Desktop/Handjob_ws/install/leap_node/lib/libleap_node__rosidl_generator_c.so
-- Set non-toolchain portion of runtime path of "/home/gabi/Desktop/Handjob_ws/install/leap_node/lib/libleap_node__rosidl_generator_c.so" to ""
-- Up-to-date: /home/gabi/Desktop/Handjob_ws/install/leap_node/include/leap_node/leap_node
-- Up-to-date: /home/gabi/Desktop/Handjob_ws/install/leap_node/include/leap_node/leap_node/msg
-- Installing: /home/gabi/Desktop/Handjob_ws/install/leap_node/include/leap_node/leap_node/msg/rosidl_typesupport_fastrtps_c__visibility_control.h
-- Up-to-date: /home/gabi/Desktop/Handjob_ws/install/leap_node/include/leap_node/leap_node/msg/detail
-- Installing: /home/gabi/Desktop/Handjob_ws/install/leap_node/include/leap_node/leap_node/msg/detail/bone_data__rosidl_typesupport_fastrtps_c.h
-- Installing: /home/gabi/Desktop/Handjob_ws/install/leap_node/include/leap_node/leap_node/msg/detail/hand_data__rosidl_typesupport_fastrtps_c.h
-- Installing: /home/gabi/Desktop/Handjob_ws/install/leap_node/include/leap_node/leap_node/msg/detail/finger_data__rosidl_typesupport_fastrtps_c.h
-- Installing: /home/gabi/Desktop/Handjob_ws/install/leap_node/lib/libleap_node__rosidl_typesupport_fastrtps_c.so
-- Set non-toolchain portion of runtime path of "/home/gabi/Desktop/Handjob_ws/install/leap_node/lib/libleap_node__rosidl_typesupport_fastrtps_c.so" to ""
-- Up-to-date: /home/gabi/Desktop/Handjob_ws/install/leap_node/include/leap_node/leap_node
-- Up-to-date: /home/gabi/Desktop/Handjob_ws/install/leap_node/include/leap_node/leap_node/msg
-- Installing: /home/gabi/Desktop/Handjob_ws/install/leap_node/include/leap_node/leap_node/msg/hand_data.hpp
-- Up-to-date: /home/gabi/Desktop/Handjob_ws/install/leap_node/include/leap_node/leap_node/msg/detail
-- Installing: /home/gabi/Desktop/Handjob_ws/install/leap_node/include/leap_node/leap_node/msg/detail/bone_data__builder.hpp
-- Installing: /home/gabi/Desktop/Handjob_ws/install/leap_node/include/leap_node/leap_node/msg/detail/hand_data__traits.hpp
-- Installing: /home/gabi/Desktop/Handjob_ws/install/leap_node/include/leap_node/leap_node/msg/detail/finger_data__traits.hpp
-- Installing: /home/gabi/Desktop/Handjob_ws/install/leap_node/include/leap_node/leap_node/msg/detail/bone_data__struct.hpp
-- Installing: /home/gabi/Desktop/Handjob_ws/install/leap_node/include/leap_node/leap_node/msg/detail/hand_data__struct.hpp
-- Installing: /home/gabi/Desktop/Handjob_ws/install/leap_node/include/leap_node/leap_node/msg/detail/finger_data__struct.hpp
-- Installing: /home/gabi/Desktop/Handjob_ws/install/leap_node/include/leap_node/leap_node/msg/detail/bone_data__traits.hpp
-- Installing: /home/gabi/Desktop/Handjob_ws/install/leap_node/include/leap_node/leap_node/msg/detail/finger_data__builder.hpp
-- Installing: /home/gabi/Desktop/Handjob_ws/install/leap_node/include/leap_node/leap_node/msg/detail/finger_data__type_support.hpp
-- Installing: /home/gabi/Desktop/Handjob_ws/install/leap_node/include/leap_node/leap_node/msg/detail/bone_data__type_support.hpp
-- Installing: /home/gabi/Desktop/Handjob_ws/install/leap_node/include/leap_node/leap_node/msg/detail/hand_data__builder.hpp
-- Installing: /home/gabi/Desktop/Handjob_ws/install/leap_node/include/leap_node/leap_node/msg/detail/hand_data__type_support.hpp
-- Installing: /home/gabi/Desktop/Handjob_ws/install/leap_node/include/leap_node/leap_node/msg/bone_data.hpp
-- Installing: /home/gabi/Desktop/Handjob_ws/install/leap_node/include/leap_node/leap_node/msg/finger_data.hpp
-- Installing: /home/gabi/Desktop/Handjob_ws/install/leap_node/include/leap_node/leap_node/msg/rosidl_generator_cpp__visibility_control.hpp
-- Up-to-date: /home/gabi/Desktop/Handjob_ws/install/leap_node/include/leap_node/leap_node
-- Up-to-date: /home/gabi/Desktop/Handjob_ws/install/leap_node/include/leap_node/leap_node/msg
-- Up-to-date: /home/gabi/Desktop/Handjob_ws/install/leap_node/include/leap_node/leap_node/msg/detail
-- Installing: /home/gabi/Desktop/Handjob_ws/install/leap_node/include/leap_node/leap_node/msg/detail/bone_data__rosidl_typesupport_fastrtps_cpp.hpp
-- Installing: /home/gabi/Desktop/Handjob_ws/install/leap_node/include/leap_node/leap_node/msg/detail/finger_data__rosidl_typesupport_fastrtps_cpp.hpp
-- Installing: /home/gabi/Desktop/Handjob_ws/install/leap_node/include/leap_node/leap_node/msg/detail/hand_data__rosidl_typesupport_fastrtps_cpp.hpp
-- Installing: /home/gabi/Desktop/Handjob_ws/install/leap_node/include/leap_node/leap_node/msg/detail/dds_fastrtps
-- Installing: /home/gabi/Desktop/Handjob_ws/install/leap_node/include/leap_node/leap_node/msg/rosidl_typesupport_fastrtps_cpp__visibility_control.h
-- Installing: /home/gabi/Desktop/Handjob_ws/install/leap_node/lib/libleap_node__rosidl_typesupport_fastrtps_cpp.so
-- Set non-toolchain portion of runtime path of "/home/gabi/Desktop/Handjob_ws/install/leap_node/lib/libleap_node__rosidl_typesupport_fastrtps_cpp.so" to ""
-- Up-to-date: /home/gabi/Desktop/Handjob_ws/install/leap_node/include/leap_node/leap_node
-- Up-to-date: /home/gabi/Desktop/Handjob_ws/install/leap_node/include/leap_node/leap_node/msg
-- Up-to-date: /home/gabi/Desktop/Handjob_ws/install/leap_node/include/leap_node/leap_node/msg/detail
-- Installing: /home/gabi/Desktop/Handjob_ws/install/leap_node/include/leap_node/leap_node/msg/detail/hand_data__rosidl_typesupport_introspection_c.h
-- Installing: /home/gabi/Desktop/Handjob_ws/install/leap_node/include/leap_node/leap_node/msg/detail/finger_data__rosidl_typesupport_introspection_c.h
-- Installing: /home/gabi/Desktop/Handjob_ws/install/leap_node/include/leap_node/leap_node/msg/detail/bone_data__rosidl_typesupport_introspection_c.h
-- Installing: /home/gabi/Desktop/Handjob_ws/install/leap_node/include/leap_node/leap_node/msg/detail/hand_data__type_support.c
-- Installing: /home/gabi/Desktop/Handjob_ws/install/leap_node/include/leap_node/leap_node/msg/detail/bone_data__type_support.c
-- Installing: /home/gabi/Desktop/Handjob_ws/install/leap_node/include/leap_node/leap_node/msg/detail/finger_data__type_support.c
-- Installing: /home/gabi/Desktop/Handjob_ws/install/leap_node/include/leap_node/leap_node/msg/rosidl_typesupport_introspection_c__visibility_control.h
-- Installing: /home/gabi/Desktop/Handjob_ws/install/leap_node/lib/libleap_node__rosidl_typesupport_introspection_c.so
-- Set non-toolchain portion of runtime path of "/home/gabi/Desktop/Handjob_ws/install/leap_node/lib/libleap_node__rosidl_typesupport_introspection_c.so" to ""
-- Installing: /home/gabi/Desktop/Handjob_ws/install/leap_node/lib/libleap_node__rosidl_typesupport_c.so
-- Set non-toolchain portion of runtime path of "/home/gabi/Desktop/Handjob_ws/install/leap_node/lib/libleap_node__rosidl_typesupport_c.so" to ""
-- Up-to-date: /home/gabi/Desktop/Handjob_ws/install/leap_node/include/leap_node/leap_node
-- Up-to-date: /home/gabi/Desktop/Handjob_ws/install/leap_node/include/leap_node/leap_node/msg
-- Up-to-date: /home/gabi/Desktop/Handjob_ws/install/leap_node/include/leap_node/leap_node/msg/detail
-- Installing: /home/gabi/Desktop/Handjob_ws/install/leap_node/include/leap_node/leap_node/msg/detail/hand_data__type_support.cpp
-- Installing: /home/gabi/Desktop/Handjob_ws/install/leap_node/include/leap_node/leap_node/msg/detail/finger_data__type_support.cpp
-- Installing: /home/gabi/Desktop/Handjob_ws/install/leap_node/include/leap_node/leap_node/msg/detail/bone_data__rosidl_typesupport_introspection_cpp.hpp
-- Installing: /home/gabi/Desktop/Handjob_ws/install/leap_node/include/leap_node/leap_node/msg/detail/hand_data__rosidl_typesupport_introspection_cpp.hpp
-- Installing: /home/gabi/Desktop/Handjob_ws/install/leap_node/include/leap_node/leap_node/msg/detail/finger_data__rosidl_typesupport_introspection_cpp.hpp
-- Installing: /home/gabi/Desktop/Handjob_ws/install/leap_node/include/leap_node/leap_node/msg/detail/bone_data__type_support.cpp
-- Installing: /home/gabi/Desktop/Handjob_ws/install/leap_node/lib/libleap_node__rosidl_typesupport_introspection_cpp.so
-- Set non-toolchain portion of runtime path of "/home/gabi/Desktop/Handjob_ws/install/leap_node/lib/libleap_node__rosidl_typesupport_introspection_cpp.so" to ""
-- Installing: /home/gabi/Desktop/Handjob_ws/install/leap_node/lib/libleap_node__rosidl_typesupport_cpp.so
-- Set non-toolchain portion of runtime path of "/home/gabi/Desktop/Handjob_ws/install/leap_node/lib/libleap_node__rosidl_typesupport_cpp.so" to ""
-- Installing: /home/gabi/Desktop/Handjob_ws/install/leap_node/share/leap_node/environment/pythonpath.sh
-- Installing: /home/gabi/Desktop/Handjob_ws/install/leap_node/share/leap_node/environment/pythonpath.dsv
-- Installing: /home/gabi/Desktop/Handjob_ws/install/leap_node/lib/python3.12/site-packages/leap_node-0.0.1-py3.12.egg-info
-- Installing: /home/gabi/Desktop/Handjob_ws/install/leap_node/lib/python3.12/site-packages/leap_node-0.0.1-py3.12.egg-info/dependency_links.txt
-- Installing: /home/gabi/Desktop/Handjob_ws/install/leap_node/lib/python3.12/site-packages/leap_node-0.0.1-py3.12.egg-info/PKG-INFO
-- Installing: /home/gabi/Desktop/Handjob_ws/install/leap_node/lib/python3.12/site-packages/leap_node-0.0.1-py3.12.egg-info/top_level.txt
-- Installing: /home/gabi/Desktop/Handjob_ws/install/leap_node/lib/python3.12/site-packages/leap_node-0.0.1-py3.12.egg-info/SOURCES.txt
-- Installing: /home/gabi/Desktop/Handjob_ws/install/leap_node/lib/python3.12/site-packages/leap_node
-- Installing: /home/gabi/Desktop/Handjob_ws/install/leap_node/lib/python3.12/site-packages/leap_node/leap_node_s__rosidl_typesupport_introspection_c.so
-- Installing: /home/gabi/Desktop/Handjob_ws/install/leap_node/lib/python3.12/site-packages/leap_node/__init__.py
-- Installing: /home/gabi/Desktop/Handjob_ws/install/leap_node/lib/python3.12/site-packages/leap_node/leap_node_s__rosidl_typesupport_fastrtps_c.so
-- Installing: /home/gabi/Desktop/Handjob_ws/install/leap_node/lib/python3.12/site-packages/leap_node/_leap_node_s.ep.rosidl_typesupport_introspection_c.c
-- Installing: /home/gabi/Desktop/Handjob_ws/install/leap_node/lib/python3.12/site-packages/leap_node/_leap_node_s.ep.rosidl_typesupport_c.c
-- Installing: /home/gabi/Desktop/Handjob_ws/install/leap_node/lib/python3.12/site-packages/leap_node/msg
-- Installing: /home/gabi/Desktop/Handjob_ws/install/leap_node/lib/python3.12/site-packages/leap_node/msg/__init__.py
-- Installing: /home/gabi/Desktop/Handjob_ws/install/leap_node/lib/python3.12/site-packages/leap_node/msg/_finger_data.py
-- Installing: /home/gabi/Desktop/Handjob_ws/install/leap_node/lib/python3.12/site-packages/leap_node/msg/_bone_data.py
-- Installing: /home/gabi/Desktop/Handjob_ws/install/leap_node/lib/python3.12/site-packages/leap_node/msg/_bone_data_s.c
-- Installing: /home/gabi/Desktop/Handjob_ws/install/leap_node/lib/python3.12/site-packages/leap_node/msg/_hand_data_s.c
-- Installing: /home/gabi/Desktop/Handjob_ws/install/leap_node/lib/python3.12/site-packages/leap_node/msg/_finger_data_s.c
-- Installing: /home/gabi/Desktop/Handjob_ws/install/leap_node/lib/python3.12/site-packages/leap_node/msg/_hand_data.py
-- Installing: /home/gabi/Desktop/Handjob_ws/install/leap_node/lib/python3.12/site-packages/leap_node/leap_node_s__rosidl_typesupport_c.so
-- Installing: /home/gabi/Desktop/Handjob_ws/install/leap_node/lib/python3.12/site-packages/leap_node/_leap_node_s.ep.rosidl_typesupport_fastrtps_c.c
Listing '/home/gabi/Desktop/Handjob_ws/install/leap_node/lib/python3.12/site-packages/leap_node'...
Compiling '/home/gabi/Desktop/Handjob_ws/install/leap_node/lib/python3.12/site-packages/leap_node/__init__.py'...
Listing '/home/gabi/Desktop/Handjob_ws/install/leap_node/lib/python3.12/site-packages/leap_node/msg'...
Compiling '/home/gabi/Desktop/Handjob_ws/install/leap_node/lib/python3.12/site-packages/leap_node/msg/__init__.py'...
Compiling '/home/gabi/Desktop/Handjob_ws/install/leap_node/lib/python3.12/site-packages/leap_node/msg/_bone_data.py'...
Compiling '/home/gabi/Desktop/Handjob_ws/install/leap_node/lib/python3.12/site-packages/leap_node/msg/_finger_data.py'...
Compiling '/home/gabi/Desktop/Handjob_ws/install/leap_node/lib/python3.12/site-packages/leap_node/msg/_hand_data.py'...
-- Installing: /home/gabi/Desktop/Handjob_ws/install/leap_node/lib/python3.12/site-packages/leap_node/leap_node_s__rosidl_typesupport_fastrtps_c.so
-- Set non-toolchain portion of runtime path of "/home/gabi/Desktop/Handjob_ws/install/leap_node/lib/python3.12/site-packages/leap_node/leap_node_s__rosidl_typesupport_fastrtps_c.so" to ""
-- Installing: /home/gabi/Desktop/Handjob_ws/install/leap_node/lib/python3.12/site-packages/leap_node/leap_node_s__rosidl_typesupport_introspection_c.so
-- Set non-toolchain portion of runtime path of "/home/gabi/Desktop/Handjob_ws/install/leap_node/lib/python3.12/site-packages/leap_node/leap_node_s__rosidl_typesupport_introspection_c.so" to ""
-- Installing: /home/gabi/Desktop/Handjob_ws/install/leap_node/lib/python3.12/site-packages/leap_node/leap_node_s__rosidl_typesupport_c.so
-- Set non-toolchain portion of runtime path of "/home/gabi/Desktop/Handjob_ws/install/leap_node/lib/python3.12/site-packages/leap_node/leap_node_s__rosidl_typesupport_c.so" to ""
-- Installing: /home/gabi/Desktop/Handjob_ws/install/leap_node/lib/libleap_node__rosidl_generator_py.so
-- Set non-toolchain portion of runtime path of "/home/gabi/Desktop/Handjob_ws/install/leap_node/lib/libleap_node__rosidl_generator_py.so" to ""
-- Installing: /home/gabi/Desktop/Handjob_ws/install/leap_node/share/leap_node/msg/BoneData.idl
-- Installing: /home/gabi/Desktop/Handjob_ws/install/leap_node/share/leap_node/msg/FingerData.idl
-- Installing: /home/gabi/Desktop/Handjob_ws/install/leap_node/share/leap_node/msg/HandData.idl
-- Installing: /home/gabi/Desktop/Handjob_ws/install/leap_node/share/leap_node/msg/BoneData.msg
-- Installing: /home/gabi/Desktop/Handjob_ws/install/leap_node/share/leap_node/msg/FingerData.msg
-- Installing: /home/gabi/Desktop/Handjob_ws/install/leap_node/share/leap_node/msg/HandData.msg
-- Installing: /home/gabi/Desktop/Handjob_ws/install/leap_node/lib/leap_node/sample_node
-- Set non-toolchain portion of runtime path of "/home/gabi/Desktop/Handjob_ws/install/leap_node/lib/leap_node/sample_node" to "/home/gabi/Desktop/Handjob_ws/src/leap_node/LeapSDK/lib/x64"
-- Installing: /home/gabi/Desktop/Handjob_ws/install/leap_node/share/ament_index/resource_index/package_run_dependencies/leap_node
-- Installing: /home/gabi/Desktop/Handjob_ws/install/leap_node/share/ament_index/resource_index/parent_prefix_path/leap_node
-- Installing: /home/gabi/Desktop/Handjob_ws/install/leap_node/share/leap_node/environment/ament_prefix_path.sh
-- Installing: /home/gabi/Desktop/Handjob_ws/install/leap_node/share/leap_node/environment/ament_prefix_path.dsv
-- Installing: /home/gabi/Desktop/Handjob_ws/install/leap_node/share/leap_node/environment/path.sh
-- Installing: /home/gabi/Desktop/Handjob_ws/install/leap_node/share/leap_node/environment/path.dsv
-- Installing: /home/gabi/Desktop/Handjob_ws/install/leap_node/share/leap_node/local_setup.bash
-- Installing: /home/gabi/Desktop/Handjob_ws/install/leap_node/share/leap_node/local_setup.sh
-- Installing: /home/gabi/Desktop/Handjob_ws/install/leap_node/share/leap_node/local_setup.zsh
-- Installing: /home/gabi/Desktop/Handjob_ws/install/leap_node/share/leap_node/local_setup.dsv
-- Installing: /home/gabi/Desktop/Handjob_ws/install/leap_node/share/leap_node/package.dsv
-- Installing: /home/gabi/Desktop/Handjob_ws/install/leap_node/share/ament_index/resource_index/packages/leap_node
-- Installing: /home/gabi/Desktop/Handjob_ws/install/leap_node/share/leap_node/cmake/export_leap_node__rosidl_generator_cExport.cmake
-- Installing: /home/gabi/Desktop/Handjob_ws/install/leap_node/share/leap_node/cmake/export_leap_node__rosidl_generator_cExport-noconfig.cmake
-- Installing: /home/gabi/Desktop/Handjob_ws/install/leap_node/share/leap_node/cmake/export_leap_node__rosidl_typesupport_fastrtps_cExport.cmake
-- Installing: /home/gabi/Desktop/Handjob_ws/install/leap_node/share/leap_node/cmake/export_leap_node__rosidl_typesupport_fastrtps_cExport-noconfig.cmake
-- Installing: /home/gabi/Desktop/Handjob_ws/install/leap_node/share/leap_node/cmake/export_leap_node__rosidl_generator_cppExport.cmake
-- Installing: /home/gabi/Desktop/Handjob_ws/install/leap_node/share/leap_node/cmake/export_leap_node__rosidl_typesupport_fastrtps_cppExport.cmake
-- Installing: /home/gabi/Desktop/Handjob_ws/install/leap_node/share/leap_node/cmake/export_leap_node__rosidl_typesupport_fastrtps_cppExport-noconfig.cmake
-- Installing: /home/gabi/Desktop/Handjob_ws/install/leap_node/share/leap_node/cmake/leap_node__rosidl_typesupport_introspection_cExport.cmake
-- Installing: /home/gabi/Desktop/Handjob_ws/install/leap_node/share/leap_node/cmake/leap_node__rosidl_typesupport_introspection_cExport-noconfig.cmake
-- Installing: /home/gabi/Desktop/Handjob_ws/install/leap_node/share/leap_node/cmake/leap_node__rosidl_typesupport_cExport.cmake
-- Installing: /home/gabi/Desktop/Handjob_ws/install/leap_node/share/leap_node/cmake/leap_node__rosidl_typesupport_cExport-noconfig.cmake
-- Installing: /home/gabi/Desktop/Handjob_ws/install/leap_node/share/leap_node/cmake/leap_node__rosidl_typesupport_introspection_cppExport.cmake
-- Installing: /home/gabi/Desktop/Handjob_ws/install/leap_node/share/leap_node/cmake/leap_node__rosidl_typesupport_introspection_cppExport-noconfig.cmake
-- Installing: /home/gabi/Desktop/Handjob_ws/install/leap_node/share/leap_node/cmake/leap_node__rosidl_typesupport_cppExport.cmake
-- Installing: /home/gabi/Desktop/Handjob_ws/install/leap_node/share/leap_node/cmake/leap_node__rosidl_typesupport_cppExport-noconfig.cmake
-- Installing: /home/gabi/Desktop/Handjob_ws/install/leap_node/share/leap_node/cmake/export_leap_node__rosidl_generator_pyExport.cmake
-- Installing: /home/gabi/Desktop/Handjob_ws/install/leap_node/share/leap_node/cmake/export_leap_node__rosidl_generator_pyExport-noconfig.cmake
-- Installing: /home/gabi/Desktop/Handjob_ws/install/leap_node/share/leap_node/cmake/rosidl_cmake-extras.cmake
-- Installing: /home/gabi/Desktop/Handjob_ws/install/leap_node/share/leap_node/cmake/ament_cmake_export_dependencies-extras.cmake
-- Installing: /home/gabi/Desktop/Handjob_ws/install/leap_node/share/leap_node/cmake/ament_cmake_export_include_directories-extras.cmake
-- Installing: /home/gabi/Desktop/Handjob_ws/install/leap_node/share/leap_node/cmake/ament_cmake_export_libraries-extras.cmake
-- Installing: /home/gabi/Desktop/Handjob_ws/install/leap_node/share/leap_node/cmake/ament_cmake_export_targets-extras.cmake
-- Installing: /home/gabi/Desktop/Handjob_ws/install/leap_node/share/leap_node/cmake/rosidl_cmake_export_typesupport_targets-extras.cmake
-- Installing: /home/gabi/Desktop/Handjob_ws/install/leap_node/share/leap_node/cmake/rosidl_cmake_export_typesupport_libraries-extras.cmake
-- Installing: /home/gabi/Desktop/Handjob_ws/install/leap_node/share/leap_node/cmake/leap_nodeConfig.cmake
-- Installing: /home/gabi/Desktop/Handjob_ws/install/leap_node/share/leap_node/cmake/leap_nodeConfig-version.cmake
-- Installing: /home/gabi/Desktop/Handjob_ws/install/leap_node/share/leap_node/package.xml
